[debug] [2024-10-05T17:40:10.283Z] ----------------------------------------------------------------------
[debug] [2024-10-05T17:40:10.286Z] Command:       C:\Program Files\nodejs\node.exe D:\Trash\fashion-search\node_modules\firebase-tools\lib\bin\firebase.js init
[debug] [2024-10-05T17:40:10.287Z] CLI Version:   13.20.2
[debug] [2024-10-05T17:40:10.287Z] Platform:      win32
[debug] [2024-10-05T17:40:10.287Z] Node Version:  v20.11.0
[debug] [2024-10-05T17:40:10.287Z] Time:          Sat Oct 05 2024 23:10:10 GMT+0530 (India Standard Time)
[debug] [2024-10-05T17:40:10.287Z] ----------------------------------------------------------------------
[debug] 
[debug] [2024-10-05T17:40:10.293Z] > command requires scopes: ["email","openid","https://www.googleapis.com/auth/cloudplatformprojects.readonly","https://www.googleapis.com/auth/firebase","https://www.googleapis.com/auth/cloud-platform"]
[debug] [2024-10-05T17:40:10.293Z] > authorizing via signed-in user (20pt25@psgtech.ac.in)
[info] 
     ######## #### ########  ######## ########     ###     ######  ########
     ##        ##  ##     ## ##       ##     ##  ##   ##  ##       ##
     ######    ##  ########  ######   ########  #########  ######  ######
     ##        ##  ##    ##  ##       ##     ## ##     ##       ## ##
     ##       #### ##     ## ######## ########  ##     ##  ######  ########

You're about to initialize a Firebase project in this directory:

  D:\Trash\fashion-search

[info] 
=== Project Setup
[info] 
[info] First, let's associate this project directory with a Firebase project.
[info] You can create multiple project aliases by running firebase use --add, 
[info] but for now we'll just set up a default project.
[info] 
[debug] [2024-10-05T17:41:30.875Z] Checked if tokens are valid: true, expires at: 1728153574977
[debug] [2024-10-05T17:41:30.875Z] Checked if tokens are valid: true, expires at: 1728153574977
[debug] [2024-10-05T17:41:30.877Z] >>> [apiv2][query] GET https://firebase.googleapis.com/v1beta1/projects pageSize=100
[debug] [2024-10-05T17:41:31.748Z] <<< [apiv2][status] GET https://firebase.googleapis.com/v1beta1/projects 200
[debug] [2024-10-05T17:41:31.748Z] <<< [apiv2][body] GET https://firebase.googleapis.com/v1beta1/projects [omitted]
[info] i  Using project fashion-19737 (fashion) 
[info] 
=== Hosting Setup
[debug] [2024-10-05T17:41:33.474Z] Checked if tokens are valid: true, expires at: 1728153574977
[debug] [2024-10-05T17:41:33.474Z] Checked if tokens are valid: true, expires at: 1728153574977
[debug] [2024-10-05T17:41:33.474Z] >>> [apiv2][query] GET https://firebase.googleapis.com/v1beta1/projects/fashion-19737 [none]
[debug] [2024-10-05T17:41:34.095Z] <<< [apiv2][status] GET https://firebase.googleapis.com/v1beta1/projects/fashion-19737 200
[debug] [2024-10-05T17:41:34.095Z] <<< [apiv2][body] GET https://firebase.googleapis.com/v1beta1/projects/fashion-19737 {"projectId":"fashion-19737","projectNumber":"919518412154","displayName":"fashion","name":"projects/fashion-19737","resources":{"hostingSite":"fashion-19737"},"state":"ACTIVE","etag":"1_b8f6b925-4a66-41ee-9957-df32ec0610e2"}
[info] 
[info] Your public directory is the folder (relative to your project directory) that
[info] will contain Hosting assets to be uploaded with firebase deploy. If you
[info] have a build process for your assets, use your build's output directory.
[info] 
[debug] [2024-10-05T17:41:58.452Z] >>> [apiv2][query] GET https://www.gstatic.com/firebasejs/releases.json [none]
[debug] [2024-10-05T17:41:58.676Z] <<< [apiv2][status] GET https://www.gstatic.com/firebasejs/releases.json 200
[debug] [2024-10-05T17:41:58.676Z] <<< [apiv2][body] GET https://www.gstatic.com/firebasejs/releases.json {"current":{"version":"10.14.0","browserURL":"https://www.gstatic.com/firebasejs/10.14.0/firebase.js","packageURL":"https://www.gstatic.com/firebasejs/10.14.0/firebase.tgz"},"live":{"version":"10.14","browserURL":"https://www.gstatic.com/firebasejs/live/10.14/firebase.js","packageURL":"https://www.gstatic.com/firebasejs/live/10.14/firebase.tgz"},"components":{"analytics":"https://www.gstatic.com/firebasejs/10.14.0/firebase-analytics.js","app":"https://www.gstatic.com/firebasejs/10.14.0/firebase-app.js","app-check":"https://www.gstatic.com/firebasejs/10.14.0/firebase-app-check.js","auth":"https://www.gstatic.com/firebasejs/10.14.0/firebase-auth.js","auth/cordova":"https://www.gstatic.com/firebasejs/10.14.0/firebase-auth/cordova.js","auth/web-extension":"https://www.gstatic.com/firebasejs/10.14.0/firebase-auth/web-extension.js","functions":"https://www.gstatic.com/firebasejs/10.14.0/firebase-functions.js","firestore":"https://www.gstatic.com/firebasejs/10.14.0/firebase-firestore.js","firestore/lite":"https://www.gstatic.com/firebasejs/10.14.0/firebase-firestore/lite.js","installations":"https://www.gstatic.com/firebasejs/10.14.0/firebase-installations.js","storage":"https://www.gstatic.com/firebasejs/10.14.0/firebase-storage.js","performance":"https://www.gstatic.com/firebasejs/10.14.0/firebase-performance.js","remote-config":"https://www.gstatic.com/firebasejs/10.14.0/firebase-remote-config.js","messaging":"https://www.gstatic.com/firebasejs/10.14.0/firebase-messaging.js","messaging/sw":"https://www.gstatic.com/firebasejs/10.14.0/firebase-messaging/sw.js","database":"https://www.gstatic.com/firebasejs/10.14.0/firebase-database.js","data-connect":"https://www.gstatic.com/firebasejs/10.14.0/firebase-data-connect.js","vertexai-preview":"https://www.gstatic.com/firebasejs/10.14.0/firebase-vertexai-preview.js","firestore.memory":"https://www.gstatic.com/firebasejs/10.14.0/firebase-firestore.memory.js"}}
[info] +  Wrote public/index.html 
[info] 
=== Emulators Setup
